<?xml version="1.0" encoding="UTF-8"?>
<!-- Generated by org.testng.reporters.JUnitReportReporter -->
<testsuite skipped="0" hostname="Praveen" name="pjt.NewTestdemo" tests="3" failures="0" timestamp="9 Jun 2019 17:11:16 GMT" time="0.015" errors="0">
  <testcase name="test_c" time="0.010" classname="pjt.NewTestdemo"/>
  <testcase name="test_a" time="0.002" classname="pjt.NewTestdemo"/>
  <testcase name="test_b" time="0.003" classname="pjt.NewTestdemo"/>
</testsuite> <!-- pjt.NewTestdemo -->
