<?xml version="1.0" encoding="UTF-8"?>
<!-- Generated by org.testng.reporters.JUnitReportReporter -->
<testsuite skipped="0" hostname="Praveen" name="pjt.NewTestpgm" tests="1" failures="0" timestamp="9 Jun 2019 17:01:24 GMT" time="0.016" errors="0">
  <testcase name="f" time="0.016" classname="pjt.NewTestpgm"/>
</testsuite> <!-- pjt.NewTestpgm -->
